

Started GET "/" for 127.0.0.1 at 2014-02-08 15:17:54 -0800
Processing by WelcomeController#index as HTML
  Rendered welcome/index.html.haml within layouts/application (77.6ms)
Completed 500 Internal Server Error in 658ms

ActionView::Template::Error (Illegal nesting: nesting within plain text is illegal.):
    1: <!DOCTYPE html>
    2: <html>
    3: <head>
    4:   <title>Mysite</title>
    5:   <%= stylesheet_link_tag    "application", media: "all", "data-turbolinks-track" => true %>
    6:   <%= javascript_include_tag "application", "data-turbolinks-track" => true %>
    7:   <%= csrf_meta_tags %>
  app/views/layouts/application.html.haml:4


  Rendered /usr/lib/ruby/gems/1.9.1/gems/actionpack-4.0.2/lib/action_dispatch/middleware/templates/rescues/_trace.erb (1.0ms)
  Rendered /usr/lib/ruby/gems/1.9.1/gems/actionpack-4.0.2/lib/action_dispatch/middleware/templates/rescues/_request_and_response.erb (1.2ms)
  Rendered /usr/lib/ruby/gems/1.9.1/gems/actionpack-4.0.2/lib/action_dispatch/middleware/templates/rescues/template_error.erb within rescues/layout (78.9ms)


Started GET "/" for 127.0.0.1 at 2014-02-08 15:20:48 -0800
Processing by WelcomeController#index as HTML
  Rendered welcome/index.html.haml within layouts/application (0.1ms)
Completed 500 Internal Server Error in 17ms

ActionView::Template::Error (Illegal nesting: content can't be both given on the same line as %title and nested within it.):
    2: %html
    3:   %head
    4:     %title Mysite
    5:       = stylesheet_link_tag    "application", media: "all", "data-turbolinks-track" => true
    6:       = javascript_include_tag "application", "data-turbolinks-track" => true
    7:       = csrf_meta_tags
    8:     %body
  app/views/layouts/application.html.haml:5


  Rendered /usr/lib/ruby/gems/1.9.1/gems/actionpack-4.0.2/lib/action_dispatch/middleware/templates/rescues/_trace.erb (1.2ms)
  Rendered /usr/lib/ruby/gems/1.9.1/gems/actionpack-4.0.2/lib/action_dispatch/middleware/templates/rescues/_request_and_response.erb (0.8ms)
  Rendered /usr/lib/ruby/gems/1.9.1/gems/actionpack-4.0.2/lib/action_dispatch/middleware/templates/rescues/template_error.erb within rescues/layout (78.0ms)


Started GET "/" for 127.0.0.1 at 2014-02-08 15:21:44 -0800
Processing by WelcomeController#index as HTML
  Rendered welcome/index.html.haml within layouts/application (0.1ms)
Completed 500 Internal Server Error in 24ms

ActionView::Template::Error (Illegal nesting: content can't be both given on the same line as %title and nested within it.):
    2: %html
    3:   %head
    4:     %title Mysite
    5:       = stylesheet_link_tag{"application", media: "all", "data-turbolinks-track" => true}
    6:       = javascript_include_ta{ "application", "data-turbolinks-track" => true}
    7:       = csrf_meta_tags
    8:     %body
  app/views/layouts/application.html.haml:5


  Rendered /usr/lib/ruby/gems/1.9.1/gems/actionpack-4.0.2/lib/action_dispatch/middleware/templates/rescues/_trace.erb (1.1ms)
  Rendered /usr/lib/ruby/gems/1.9.1/gems/actionpack-4.0.2/lib/action_dispatch/middleware/templates/rescues/_request_and_response.erb (0.7ms)
  Rendered /usr/lib/ruby/gems/1.9.1/gems/actionpack-4.0.2/lib/action_dispatch/middleware/templates/rescues/template_error.erb within rescues/layout (80.1ms)


Started GET "/" for 127.0.0.1 at 2014-02-08 15:21:52 -0800
Processing by WelcomeController#index as HTML
  Rendered welcome/index.html.haml within layouts/application (0.1ms)
Completed 500 Internal Server Error in 18ms

ActionView::Template::Error (Illegal nesting: content can't be both given on the same line as %title and nested within it.):
    2: %html
    3:   %head
    4:     %title Mysite
    5:       = stylesheet_link_tag{"application", media: "all", "data-turbolinks-track" => true}
    6:       = javascript_include_tag{ "application", "data-turbolinks-track" => true}
    7:       = csrf_meta_tags
    8:     %body
  app/views/layouts/application.html.haml:5


  Rendered /usr/lib/ruby/gems/1.9.1/gems/actionpack-4.0.2/lib/action_dispatch/middleware/templates/rescues/_trace.erb (18.4ms)
  Rendered /usr/lib/ruby/gems/1.9.1/gems/actionpack-4.0.2/lib/action_dispatch/middleware/templates/rescues/_request_and_response.erb (0.8ms)
  Rendered /usr/lib/ruby/gems/1.9.1/gems/actionpack-4.0.2/lib/action_dispatch/middleware/templates/rescues/template_error.erb within rescues/layout (92.4ms)


Started GET "/" for 127.0.0.1 at 2014-02-08 15:22:18 -0800
Processing by WelcomeController#index as HTML
  Rendered welcome/index.html.haml within layouts/application (0.1ms)
ERROR: compiling _app_views_layouts_application_html_haml__807344554490151566_12899216920 RAISED /home/Raphael/workspace/raffihsieh/app/views/layouts/application.html.haml:5: syntax error, unexpected ',', expecting '}'
...lesheet_link_tag{"application", media: "all", "data-turbolin...
...                               ^
/home/Raphael/workspace/raffihsieh/app/views/layouts/application.html.haml:5: syntax error, unexpected ',', expecting '}'
...ag{"application", media: "all", "data-turbolinks-track" => t...
...                               ^
/home/Raphael/workspace/raffihsieh/app/views/layouts/application.html.haml:5: syntax error, unexpected tASSOC, expecting '}'
...ll", "data-turbolinks-track" => true}
...                               ^
/home/Raphael/workspace/raffihsieh/app/views/layouts/application.html.haml:6: syntax error, unexpected ',', expecting '}'
...ipt_include_tag{ "application", "data-turbolinks-track" => t...
...                               ^
/home/Raphael/workspace/raffihsieh/app/views/layouts/application.html.haml:6: syntax error, unexpected tASSOC, expecting '}'
...on", "data-turbolinks-track" => true}
...                               ^
Function body:           def _app_views_layouts_application_html_haml__807344554490151566_12899216920(local_assigns, output_buffer)
            _old_virtual_path, @virtual_path = @virtual_path, "layouts/application";_old_output_buffer = @output_buffer;;begin;extend Haml::Helpers;_hamlout = @haml_buffer = Haml::Buffer.new(haml_buffer, {:autoclose=>["area", "base", "basefont", "br", "col", "command", "embed", "frame", "hr", "img", "input", "isindex", "keygen", "link", "menuitem", "meta", "param", "source", "track", "wbr"], :preserve=>["textarea", "pre", "code"], :attr_wrapper=>"'", :ugly=>false, :format=>:html5, :encoding=>"UTF-8", :escape_html=>true, :escape_attrs=>true, :hyphenate_data_attrs=>true, :cdata=>false});_erbout = _hamlout.buffer;@output_buffer = output_buffer ||= ActionView::OutputBuffer.new rescue nil;;_hamlout.push_text("<!DOCTYPE html>\n<html>\n  <head>\n    <title>Mysite</title>\n    #{_hamlout.adjust_tabs(2); 



_hamlout.format_script_false_false_false_true_false_true_false(( stylesheet_link_tag{"application", media: "all", "data-turbolinks-track" => true}
));}\n    #{_hamlout.format_script_false_false_false_true_false_true_false(( javascript_include_tag{ "application", "data-turbolinks-track" => true}
));}\n    #{_hamlout.format_script_false_false_false_true_false_true_false(( csrf_meta_tags
));}\n  </head>\n  <body>\n    #{
_hamlout.format_script_false_false_false_true_false_true_false(( yield
));}\n  </body>\n</html>\n", -2, false);::Haml::Util.html_safe(_erbout);ensure;@haml_buffer = @haml_buffer.upper if @haml_buffer;end;
          ensure
            @virtual_path, @output_buffer = _old_virtual_path, _old_output_buffer
          end

Backtrace: /usr/lib/ruby/gems/1.9.1/gems/actionpack-4.0.2/lib/action_view/template.rb:299:in `module_eval'
/usr/lib/ruby/gems/1.9.1/gems/actionpack-4.0.2/lib/action_view/template.rb:299:in `compile'
/usr/lib/ruby/gems/1.9.1/gems/actionpack-4.0.2/lib/action_view/template.rb:248:in `block in compile!'
<internal:prelude>:10:in `synchronize'
/usr/lib/ruby/gems/1.9.1/gems/actionpack-4.0.2/lib/action_view/template.rb:236:in `compile!'
/usr/lib/ruby/gems/1.9.1/gems/actionpack-4.0.2/lib/action_view/template.rb:142:in `block in render'
/usr/lib/ruby/gems/1.9.1/gems/activesupport-4.0.2/lib/active_support/notifications.rb:161:in `instrument'
/usr/lib/ruby/gems/1.9.1/gems/actionpack-4.0.2/lib/action_view/template.rb:141:in `render'
/usr/lib/ruby/gems/1.9.1/gems/actionpack-4.0.2/lib/action_view/renderer/template_renderer.rb:61:in `render_with_layout'
/usr/lib/ruby/gems/1.9.1/gems/actionpack-4.0.2/lib/action_view/renderer/template_renderer.rb:47:in `render_template'
/usr/lib/ruby/gems/1.9.1/gems/actionpack-4.0.2/lib/action_view/renderer/template_renderer.rb:17:in `render'
/usr/lib/ruby/gems/1.9.1/gems/actionpack-4.0.2/lib/action_view/renderer/renderer.rb:42:in `render_template'
/usr/lib/ruby/gems/1.9.1/gems/actionpack-4.0.2/lib/action_view/renderer/renderer.rb:23:in `render'
/usr/lib/ruby/gems/1.9.1/gems/actionpack-4.0.2/lib/abstract_controller/rendering.rb:127:in `_render_template'
/usr/lib/ruby/gems/1.9.1/gems/actionpack-4.0.2/lib/action_controller/metal/streaming.rb:219:in `_render_template'
/usr/lib/ruby/gems/1.9.1/gems/actionpack-4.0.2/lib/abstract_controller/rendering.rb:120:in `render_to_body'
/usr/lib/ruby/gems/1.9.1/gems/actionpack-4.0.2/lib/action_controller/metal/rendering.rb:33:in `render_to_body'
/usr/lib/ruby/gems/1.9.1/gems/actionpack-4.0.2/lib/action_controller/metal/renderers.rb:26:in `render_to_body'
/usr/lib/ruby/gems/1.9.1/gems/actionpack-4.0.2/lib/abstract_controller/rendering.rb:97:in `render'
/usr/lib/ruby/gems/1.9.1/gems/actionpack-4.0.2/lib/action_controller/metal/rendering.rb:16:in `render'
/usr/lib/ruby/gems/1.9.1/gems/actionpack-4.0.2/lib/action_controller/metal/instrumentation.rb:41:in `block (2 levels) in render'
/usr/lib/ruby/gems/1.9.1/gems/activesupport-4.0.2/lib/active_support/core_ext/benchmark.rb:12:in `block in ms'
/usr/lib/ruby/1.9.1/benchmark.rb:295:in `realtime'
/usr/lib/ruby/gems/1.9.1/gems/activesupport-4.0.2/lib/active_support/core_ext/benchmark.rb:12:in `ms'
/usr/lib/ruby/gems/1.9.1/gems/actionpack-4.0.2/lib/action_controller/metal/instrumentation.rb:41:in `block in render'
/usr/lib/ruby/gems/1.9.1/gems/actionpack-4.0.2/lib/action_controller/metal/instrumentation.rb:84:in `cleanup_view_runtime'
/usr/lib/ruby/gems/1.9.1/gems/activerecord-4.0.2/lib/active_record/railties/controller_runtime.rb:25:in `cleanup_view_runtime'
/usr/lib/ruby/gems/1.9.1/gems/actionpack-4.0.2/lib/action_controller/metal/instrumentation.rb:40:in `render'
/usr/lib/ruby/gems/1.9.1/gems/actionpack-4.0.2/lib/action_controller/metal/implicit_render.rb:10:in `default_render'
/usr/lib/ruby/gems/1.9.1/gems/actionpack-4.0.2/lib/action_controller/metal/implicit_render.rb:5:in `send_action'
/usr/lib/ruby/gems/1.9.1/gems/actionpack-4.0.2/lib/abstract_controller/base.rb:189:in `process_action'
/usr/lib/ruby/gems/1.9.1/gems/actionpack-4.0.2/lib/action_controller/metal/rendering.rb:10:in `process_action'
/usr/lib/ruby/gems/1.9.1/gems/actionpack-4.0.2/lib/abstract_controller/callbacks.rb:18:in `block in process_action'
/usr/lib/ruby/gems/1.9.1/gems/activesupport-4.0.2/lib/active_support/callbacks.rb:403:in `_run__834337368067490465__process_action__callbacks'
/usr/lib/ruby/gems/1.9.1/gems/activesupport-4.0.2/lib/active_support/callbacks.rb:80:in `run_callbacks'
/usr/lib/ruby/gems/1.9.1/gems/actionpack-4.0.2/lib/abstract_controller/callbacks.rb:17:in `process_action'
/usr/lib/ruby/gems/1.9.1/gems/actionpack-4.0.2/lib/action_controller/metal/rescue.rb:29:in `process_action'
/usr/lib/ruby/gems/1.9.1/gems/actionpack-4.0.2/lib/action_controller/metal/instrumentation.rb:31:in `block in process_action'
/usr/lib/ruby/gems/1.9.1/gems/activesupport-4.0.2/lib/active_support/notifications.rb:159:in `block in instrument'
/usr/lib/ruby/gems/1.9.1/gems/activesupport-4.0.2/lib/active_support/notifications/instrumenter.rb:20:in `instrument'
/usr/lib/ruby/gems/1.9.1/gems/activesupport-4.0.2/lib/active_support/notifications.rb:159:in `instrument'
/usr/lib/ruby/gems/1.9.1/gems/actionpack-4.0.2/lib/action_controller/metal/instrumentation.rb:30:in `process_action'
/usr/lib/ruby/gems/1.9.1/gems/actionpack-4.0.2/lib/action_controller/metal/params_wrapper.rb:245:in `process_action'
/usr/lib/ruby/gems/1.9.1/gems/activerecord-4.0.2/lib/active_record/railties/controller_runtime.rb:18:in `process_action'
/usr/lib/ruby/gems/1.9.1/gems/actionpack-4.0.2/lib/abstract_controller/base.rb:136:in `process'
/usr/lib/ruby/gems/1.9.1/gems/actionpack-4.0.2/lib/abstract_controller/rendering.rb:44:in `process'
/usr/lib/ruby/gems/1.9.1/gems/actionpack-4.0.2/lib/action_controller/metal.rb:195:in `dispatch'
/usr/lib/ruby/gems/1.9.1/gems/actionpack-4.0.2/lib/action_controller/metal/rack_delegation.rb:13:in `dispatch'
/usr/lib/ruby/gems/1.9.1/gems/actionpack-4.0.2/lib/action_controller/metal.rb:231:in `block in action'
/usr/lib/ruby/gems/1.9.1/gems/actionpack-4.0.2/lib/action_dispatch/routing/route_set.rb:80:in `call'
/usr/lib/ruby/gems/1.9.1/gems/actionpack-4.0.2/lib/action_dispatch/routing/route_set.rb:80:in `dispatch'
/usr/lib/ruby/gems/1.9.1/gems/actionpack-4.0.2/lib/action_dispatch/routing/route_set.rb:48:in `call'
/usr/lib/ruby/gems/1.9.1/gems/actionpack-4.0.2/lib/action_dispatch/journey/router.rb:71:in `block in call'
/usr/lib/ruby/gems/1.9.1/gems/actionpack-4.0.2/lib/action_dispatch/journey/router.rb:59:in `each'
/usr/lib/ruby/gems/1.9.1/gems/actionpack-4.0.2/lib/action_dispatch/journey/router.rb:59:in `call'
/usr/lib/ruby/gems/1.9.1/gems/actionpack-4.0.2/lib/action_dispatch/routing/route_set.rb:680:in `call'
/usr/lib/ruby/gems/1.9.1/gems/rack-1.5.2/lib/rack/etag.rb:23:in `call'
/usr/lib/ruby/gems/1.9.1/gems/rack-1.5.2/lib/rack/conditionalget.rb:25:in `call'
/usr/lib/ruby/gems/1.9.1/gems/rack-1.5.2/lib/rack/head.rb:11:in `call'
/usr/lib/ruby/gems/1.9.1/gems/actionpack-4.0.2/lib/action_dispatch/middleware/params_parser.rb:27:in `call'
/usr/lib/ruby/gems/1.9.1/gems/actionpack-4.0.2/lib/action_dispatch/middleware/flash.rb:241:in `call'
/usr/lib/ruby/gems/1.9.1/gems/rack-1.5.2/lib/rack/session/abstract/id.rb:225:in `context'
/usr/lib/ruby/gems/1.9.1/gems/rack-1.5.2/lib/rack/session/abstract/id.rb:220:in `call'
/usr/lib/ruby/gems/1.9.1/gems/actionpack-4.0.2/lib/action_dispatch/middleware/cookies.rb:486:in `call'
/usr/lib/ruby/gems/1.9.1/gems/activerecord-4.0.2/lib/active_record/query_cache.rb:36:in `call'
/usr/lib/ruby/gems/1.9.1/gems/activerecord-4.0.2/lib/active_record/connection_adapters/abstract/connection_pool.rb:626:in `call'
/usr/lib/ruby/gems/1.9.1/gems/activerecord-4.0.2/lib/active_record/migration.rb:369:in `call'
/usr/lib/ruby/gems/1.9.1/gems/actionpack-4.0.2/lib/action_dispatch/middleware/callbacks.rb:29:in `block in call'
/usr/lib/ruby/gems/1.9.1/gems/activesupport-4.0.2/lib/active_support/callbacks.rb:373:in `_run__2909129768218831429__call__callbacks'
/usr/lib/ruby/gems/1.9.1/gems/activesupport-4.0.2/lib/active_support/callbacks.rb:80:in `run_callbacks'
/usr/lib/ruby/gems/1.9.1/gems/actionpack-4.0.2/lib/action_dispatch/middleware/callbacks.rb:27:in `call'
/usr/lib/ruby/gems/1.9.1/gems/actionpack-4.0.2/lib/action_dispatch/middleware/reloader.rb:64:in `call'
/usr/lib/ruby/gems/1.9.1/gems/actionpack-4.0.2/lib/action_dispatch/middleware/remote_ip.rb:76:in `call'
/usr/lib/ruby/gems/1.9.1/gems/actionpack-4.0.2/lib/action_dispatch/middleware/debug_exceptions.rb:17:in `call'
/usr/lib/ruby/gems/1.9.1/gems/actionpack-4.0.2/lib/action_dispatch/middleware/show_exceptions.rb:30:in `call'
/usr/lib/ruby/gems/1.9.1/gems/railties-4.0.2/lib/rails/rack/logger.rb:38:in `call_app'
/usr/lib/ruby/gems/1.9.1/gems/railties-4.0.2/lib/rails/rack/logger.rb:20:in `block in call'
/usr/lib/ruby/gems/1.9.1/gems/activesupport-4.0.2/lib/active_support/tagged_logging.rb:67:in `block in tagged'
/usr/lib/ruby/gems/1.9.1/gems/activesupport-4.0.2/lib/active_support/tagged_logging.rb:25:in `tagged'
/usr/lib/ruby/gems/1.9.1/gems/activesupport-4.0.2/lib/active_support/tagged_logging.rb:67:in `tagged'
/usr/lib/ruby/gems/1.9.1/gems/railties-4.0.2/lib/rails/rack/logger.rb:20:in `call'
/usr/lib/ruby/gems/1.9.1/gems/actionpack-4.0.2/lib/action_dispatch/middleware/request_id.rb:21:in `call'
/usr/lib/ruby/gems/1.9.1/gems/rack-1.5.2/lib/rack/methodoverride.rb:21:in `call'
/usr/lib/ruby/gems/1.9.1/gems/rack-1.5.2/lib/rack/runtime.rb:17:in `call'
/usr/lib/ruby/gems/1.9.1/gems/activesupport-4.0.2/lib/active_support/cache/strategy/local_cache.rb:83:in `call'
/usr/lib/ruby/gems/1.9.1/gems/rack-1.5.2/lib/rack/lock.rb:17:in `call'
/usr/lib/ruby/gems/1.9.1/gems/actionpack-4.0.2/lib/action_dispatch/middleware/static.rb:64:in `call'
/usr/lib/ruby/gems/1.9.1/gems/rack-1.5.2/lib/rack/sendfile.rb:112:in `call'
/usr/lib/ruby/gems/1.9.1/gems/railties-4.0.2/lib/rails/engine.rb:511:in `call'
/usr/lib/ruby/gems/1.9.1/gems/railties-4.0.2/lib/rails/application.rb:97:in `call'
/usr/lib/ruby/gems/1.9.1/gems/rack-1.5.2/lib/rack/lock.rb:17:in `call'
/usr/lib/ruby/gems/1.9.1/gems/rack-1.5.2/lib/rack/content_length.rb:14:in `call'
/usr/lib/ruby/gems/1.9.1/gems/rack-1.5.2/lib/rack/handler/webrick.rb:60:in `service'
/usr/lib/ruby/1.9.1/webrick/httpserver.rb:138:in `service'
/usr/lib/ruby/1.9.1/webrick/httpserver.rb:94:in `run'
/usr/lib/ruby/1.9.1/webrick/server.rb:191:in `block in start_thread'
Completed 500 Internal Server Error in 19ms

ActionView::Template::Error (/home/Raphael/workspace/raffihsieh/app/views/layouts/application.html.haml:5: syntax error, unexpected ',', expecting '}'
...lesheet_link_tag{"application", media: "all", "data-turbolin...
...                               ^
/home/Raphael/workspace/raffihsieh/app/views/layouts/application.html.haml:5: syntax error, unexpected ',', expecting '}'
...ag{"application", media: "all", "data-turbolinks-track" => t...
...                               ^
/home/Raphael/workspace/raffihsieh/app/views/layouts/application.html.haml:5: syntax error, unexpected tASSOC, expecting '}'
...ll", "data-turbolinks-track" => true}
...                               ^
/home/Raphael/workspace/raffihsieh/app/views/layouts/application.html.haml:6: syntax error, unexpected ',', expecting '}'
...ipt_include_tag{ "application", "data-turbolinks-track" => t...
...                               ^
/home/Raphael/workspace/raffihsieh/app/views/layouts/application.html.haml:6: syntax error, unexpected tASSOC, expecting '}'
...on", "data-turbolinks-track" => true}
...                               ^):
    2: %html
    3:   %head
    4:     %title Mysite
    5:     = stylesheet_link_tag{"application", media: "all", "data-turbolinks-track" => true}
    6:     = javascript_include_tag{ "application", "data-turbolinks-track" => true}
    7:     = csrf_meta_tags
    8:   %body
  actionpack (4.0.2) lib/action_view/template.rb:299:in `module_eval'
  actionpack (4.0.2) lib/action_view/template.rb:299:in `compile'
  actionpack (4.0.2) lib/action_view/template.rb:248:in `block in compile!'
  <internal:prelude>:10:in `synchronize'
  actionpack (4.0.2) lib/action_view/template.rb:236:in `compile!'
  actionpack (4.0.2) lib/action_view/template.rb:142:in `block in render'
  activesupport (4.0.2) lib/active_support/notifications.rb:161:in `instrument'
  actionpack (4.0.2) lib/action_view/template.rb:141:in `render'
  actionpack (4.0.2) lib/action_view/renderer/template_renderer.rb:61:in `render_with_layout'
  actionpack (4.0.2) lib/action_view/renderer/template_renderer.rb:47:in `render_template'
  actionpack (4.0.2) lib/action_view/renderer/template_renderer.rb:17:in `render'
  actionpack (4.0.2) lib/action_view/renderer/renderer.rb:42:in `render_template'
  actionpack (4.0.2) lib/action_view/renderer/renderer.rb:23:in `render'
  actionpack (4.0.2) lib/abstract_controller/rendering.rb:127:in `_render_template'
  actionpack (4.0.2) lib/action_controller/metal/streaming.rb:219:in `_render_template'
  actionpack (4.0.2) lib/abstract_controller/rendering.rb:120:in `render_to_body'
  actionpack (4.0.2) lib/action_controller/metal/rendering.rb:33:in `render_to_body'
  actionpack (4.0.2) lib/action_controller/metal/renderers.rb:26:in `render_to_body'
  actionpack (4.0.2) lib/abstract_controller/rendering.rb:97:in `render'
  actionpack (4.0.2) lib/action_controller/metal/rendering.rb:16:in `render'
  actionpack (4.0.2) lib/action_controller/metal/instrumentation.rb:41:in `block (2 levels) in render'
  activesupport (4.0.2) lib/active_support/core_ext/benchmark.rb:12:in `block in ms'
  /usr/lib/ruby/1.9.1/benchmark.rb:295:in `realtime'
  activesupport (4.0.2) lib/active_support/core_ext/benchmark.rb:12:in `ms'
  actionpack (4.0.2) lib/action_controller/metal/instrumentation.rb:41:in `block in render'
  actionpack (4.0.2) lib/action_controller/metal/instrumentation.rb:84:in `cleanup_view_runtime'
  activerecord (4.0.2) lib/active_record/railties/controller_runtime.rb:25:in `cleanup_view_runtime'
  actionpack (4.0.2) lib/action_controller/metal/instrumentation.rb:40:in `render'
  actionpack (4.0.2) lib/action_controller/metal/implicit_render.rb:10:in `default_render'
  actionpack (4.0.2) lib/action_controller/metal/implicit_render.rb:5:in `send_action'
  actionpack (4.0.2) lib/abstract_controller/base.rb:189:in `process_action'
  actionpack (4.0.2) lib/action_controller/metal/rendering.rb:10:in `process_action'
  actionpack (4.0.2) lib/abstract_controller/callbacks.rb:18:in `block in process_action'
  activesupport (4.0.2) lib/active_support/callbacks.rb:403:in `_run__834337368067490465__process_action__callbacks'
  activesupport (4.0.2) lib/active_support/callbacks.rb:80:in `run_callbacks'
  actionpack (4.0.2) lib/abstract_controller/callbacks.rb:17:in `process_action'
  actionpack (4.0.2) lib/action_controller/metal/rescue.rb:29:in `process_action'
  actionpack (4.0.2) lib/action_controller/metal/instrumentation.rb:31:in `block in process_action'
  activesupport (4.0.2) lib/active_support/notifications.rb:159:in `block in instrument'
  activesupport (4.0.2) lib/active_support/notifications/instrumenter.rb:20:in `instrument'
  activesupport (4.0.2) lib/active_support/notifications.rb:159:in `instrument'
  actionpack (4.0.2) lib/action_controller/metal/instrumentation.rb:30:in `process_action'
  actionpack (4.0.2) lib/action_controller/metal/params_wrapper.rb:245:in `process_action'
  activerecord (4.0.2) lib/active_record/railties/controller_runtime.rb:18:in `process_action'
  actionpack (4.0.2) lib/abstract_controller/base.rb:136:in `process'
  actionpack (4.0.2) lib/abstract_controller/rendering.rb:44:in `process'
  actionpack (4.0.2) lib/action_controller/metal.rb:195:in `dispatch'
  actionpack (4.0.2) lib/action_controller/metal/rack_delegation.rb:13:in `dispatch'
  actionpack (4.0.2) lib/action_controller/metal.rb:231:in `block in action'
  actionpack (4.0.2) lib/action_dispatch/routing/route_set.rb:80:in `call'
  actionpack (4.0.2) lib/action_dispatch/routing/route_set.rb:80:in `dispatch'
  actionpack (4.0.2) lib/action_dispatch/routing/route_set.rb:48:in `call'
  actionpack (4.0.2) lib/action_dispatch/journey/router.rb:71:in `block in call'
  actionpack (4.0.2) lib/action_dispatch/journey/router.rb:59:in `each'
  actionpack (4.0.2) lib/action_dispatch/journey/router.rb:59:in `call'
  actionpack (4.0.2) lib/action_dispatch/routing/route_set.rb:680:in `call'
  rack (1.5.2) lib/rack/etag.rb:23:in `call'
  rack (1.5.2) lib/rack/conditionalget.rb:25:in `call'
  rack (1.5.2) lib/rack/head.rb:11:in `call'
  actionpack (4.0.2) lib/action_dispatch/middleware/params_parser.rb:27:in `call'
  actionpack (4.0.2) lib/action_dispatch/middleware/flash.rb:241:in `call'
  rack (1.5.2) lib/rack/session/abstract/id.rb:225:in `context'
  rack (1.5.2) lib/rack/session/abstract/id.rb:220:in `call'
  actionpack (4.0.2) lib/action_dispatch/middleware/cookies.rb:486:in `call'
  activerecord (4.0.2) lib/active_record/query_cache.rb:36:in `call'
  activerecord (4.0.2) lib/active_record/connection_adapters/abstract/connection_pool.rb:626:in `call'
  activerecord (4.0.2) lib/active_record/migration.rb:369:in `call'
  actionpack (4.0.2) lib/action_dispatch/middleware/callbacks.rb:29:in `block in call'
  activesupport (4.0.2) lib/active_support/callbacks.rb:373:in `_run__2909129768218831429__call__callbacks'
  activesupport (4.0.2) lib/active_support/callbacks.rb:80:in `run_callbacks'
  actionpack (4.0.2) lib/action_dispatch/middleware/callbacks.rb:27:in `call'
  actionpack (4.0.2) lib/action_dispatch/middleware/reloader.rb:64:in `call'
  actionpack (4.0.2) lib/action_dispatch/middleware/remote_ip.rb:76:in `call'
  actionpack (4.0.2) lib/action_dispatch/middleware/debug_exceptions.rb:17:in `call'
  actionpack (4.0.2) lib/action_dispatch/middleware/show_exceptions.rb:30:in `call'
  railties (4.0.2) lib/rails/rack/logger.rb:38:in `call_app'
  railties (4.0.2) lib/rails/rack/logger.rb:20:in `block in call'
  activesupport (4.0.2) lib/active_support/tagged_logging.rb:67:in `block in tagged'
  activesupport (4.0.2) lib/active_support/tagged_logging.rb:25:in `tagged'
  activesupport (4.0.2) lib/active_support/tagged_logging.rb:67:in `tagged'
  railties (4.0.2) lib/rails/rack/logger.rb:20:in `call'
  actionpack (4.0.2) lib/action_dispatch/middleware/request_id.rb:21:in `call'
  rack (1.5.2) lib/rack/methodoverride.rb:21:in `call'
  rack (1.5.2) lib/rack/runtime.rb:17:in `call'
  activesupport (4.0.2) lib/active_support/cache/strategy/local_cache.rb:83:in `call'
  rack (1.5.2) lib/rack/lock.rb:17:in `call'
  actionpack (4.0.2) lib/action_dispatch/middleware/static.rb:64:in `call'
  rack (1.5.2) lib/rack/sendfile.rb:112:in `call'
  railties (4.0.2) lib/rails/engine.rb:511:in `call'
  railties (4.0.2) lib/rails/application.rb:97:in `call'
  rack (1.5.2) lib/rack/lock.rb:17:in `call'
  rack (1.5.2) lib/rack/content_length.rb:14:in `call'
  rack (1.5.2) lib/rack/handler/webrick.rb:60:in `service'
  /usr/lib/ruby/1.9.1/webrick/httpserver.rb:138:in `service'
  /usr/lib/ruby/1.9.1/webrick/httpserver.rb:94:in `run'
  /usr/lib/ruby/1.9.1/webrick/server.rb:191:in `block in start_thread'


  Rendered /usr/lib/ruby/gems/1.9.1/gems/actionpack-4.0.2/lib/action_dispatch/middleware/templates/rescues/_trace.erb (1.1ms)
  Rendered /usr/lib/ruby/gems/1.9.1/gems/actionpack-4.0.2/lib/action_dispatch/middleware/templates/rescues/_request_and_response.erb (0.8ms)
  Rendered /usr/lib/ruby/gems/1.9.1/gems/actionpack-4.0.2/lib/action_dispatch/middleware/templates/rescues/template_error.erb within rescues/layout (78.2ms)


Started GET "/" for 127.0.0.1 at 2014-02-08 15:22:30 -0800
Processing by WelcomeController#index as HTML
  Rendered welcome/index.html.haml within layouts/application (0.1ms)
Completed 500 Internal Server Error in 524ms

ActionView::Template::Error (湉異⁴牅潲㩲唠歮潮湷漠瑰潩⁮⼢浴⽰硥捥獪〲㐱㈰㠰㘭㘰ⴴ〱楣扷⸵獪•灳捥晩敩⹤਍
  (in /usr/lib/ruby/gems/1.9.1/gems/turbolinks-2.2.1/lib/assets/javascripts/turbolinks.js.coffee)):
    3:   %head
    4:     %title Mysite
    5:     = stylesheet_link_tag    "application", media: "all", "data-turbolinks-track" => true
    6:     = javascript_include_tag "application", "data-turbolinks-track" => true
    7:     = csrf_meta_tags
    8:   %body
    9:     = yield
  app/views/layouts/application.html.haml:6:in `_app_views_layouts_application_html_haml__807344554490151566_12902595700'


  Rendered /usr/lib/ruby/gems/1.9.1/gems/actionpack-4.0.2/lib/action_dispatch/middleware/templates/rescues/_trace.erb (1.2ms)
  Rendered /usr/lib/ruby/gems/1.9.1/gems/actionpack-4.0.2/lib/action_dispatch/middleware/templates/rescues/_request_and_response.erb (0.8ms)
  Rendered /usr/lib/ruby/gems/1.9.1/gems/actionpack-4.0.2/lib/action_dispatch/middleware/templates/rescues/template_error.erb within rescues/layout (79.0ms)


Started GET "/" for 127.0.0.1 at 2014-02-08 15:23:54 -0800
Processing by WelcomeController#index as HTML
  Rendered welcome/index.html.haml within layouts/application (0.1ms)
Completed 200 OK in 19ms (Views: 18.6ms | ActiveRecord: 0.0ms)


Started GET "/" for 127.0.0.1 at 2014-02-08 15:25:48 -0800
Processing by WelcomeController#index as HTML
  Rendered welcome/index.html.haml within layouts/application (0.1ms)
Completed 200 OK in 22124ms (Views: 22122.9ms | ActiveRecord: 0.0ms)


Started GET "/" for 127.0.0.1 at 2014-02-08 15:26:10 -0800
Processing by WelcomeController#index as HTML
  Rendered welcome/index.html.haml within layouts/application (0.1ms)
Completed 200 OK in 18ms (Views: 17.4ms | ActiveRecord: 0.0ms)


Started GET "/" for 127.0.0.1 at 2014-02-08 15:26:13 -0800
Processing by WelcomeController#index as HTML
  Rendered welcome/index.html.haml within layouts/application (0.1ms)
Completed 200 OK in 18ms (Views: 17.7ms | ActiveRecord: 0.0ms)
